<?xml version="1.0" encoding="UTF-8"?>
<coverage generated="1679256887611" clover="3.2.0">
  <project timestamp="1679256887611" name="All files">
    <metrics statements="8" coveredstatements="8" conditionals="2" coveredconditionals="2" methods="1" coveredmethods="1" elements="11" coveredelements="11" complexity="0" loc="8" ncloc="8" packages="1" files="1" classes="1"/>
    <file name="punctuation-scorer.ts" path="/Users/lopezoscar/crew3-quester/src/services/claim/scorers/punctuation-scorer.ts">
      <metrics statements="8" coveredstatements="8" conditionals="2" coveredconditionals="2" methods="1" coveredmethods="1"/>
      <line num="1" count="1" type="stmt"/>
      <line num="2" count="1" type="stmt"/>
      <line num="7" count="5" type="stmt"/>
      <line num="8" count="22" type="stmt"/>
      <line num="9" count="22" type="cond" truecount="1" falsecount="0"/>
      <line num="10" count="2" type="stmt"/>
      <line num="13" count="3" type="stmt"/>
      <line num="17" count="1" type="stmt"/>
    </file>
  </project>
</coverage>
