{"/Users/lopezoscar/crew3-quester/src/services/claim/scorers/punctuation-scorer.ts": {"path":"/Users/lopezoscar/crew3-quester/src/services/claim/scorers/punctuation-scorer.ts","statementMap":{"0":{"start":{"line":1,"column":31},"end":{"line":1,"column":75}},"1":{"start":{"line":2,"column":15},"end":{"line":2,"column":16}},"2":{"start":{"line":7,"column":4},"end":{"line":12,"column":null}},"3":{"start":{"line":7,"column":21},"end":{"line":7,"column":22}},"4":{"start":{"line":8,"column":24},"end":{"line":8,"column":45}},"5":{"start":{"line":9,"column":6},"end":{"line":11,"column":null}},"6":{"start":{"line":10,"column":8},"end":{"line":10,"column":null}},"7":{"start":{"line":13,"column":4},"end":{"line":13,"column":null}},"8":{"start":{"line":17,"column":0},"end":{"line":17,"column":null}}},"fnMap":{"0":{"name":"(anonymous_0)","decl":{"start":{"line":6,"column":2},"end":{"line":6,"column":10}},"loc":{"start":{"line":6,"column":31},"end":{"line":14,"column":3}}}},"branchMap":{"0":{"loc":{"start":{"line":6,"column":12},"end":{"line":6,"column":31}},"type":"default-arg","locations":[{"start":{"line":6,"column":29},"end":{"line":6,"column":31}}]},"1":{"loc":{"start":{"line":9,"column":6},"end":{"line":11,"column":null}},"type":"if","locations":[{"start":{"line":9,"column":6},"end":{"line":11,"column":null}}]}},"s":{"0":1,"1":1,"2":5,"3":5,"4":22,"5":22,"6":2,"7":3,"8":1},"f":{"0":5},"b":{"0":[1],"1":[2]}}
}
