{"/Users/lopezoscar/crew3-quester/src/services/claim/scorers/palindrome-scorer.ts": {"path":"/Users/lopezoscar/crew3-quester/src/services/claim/scorers/palindrome-scorer.ts","statementMap":{"0":{"start":{"line":1,"column":15},"end":{"line":1,"column":16}},"1":{"start":{"line":6,"column":4},"end":{"line":8,"column":null}},"2":{"start":{"line":7,"column":6},"end":{"line":7,"column":null}},"3":{"start":{"line":9,"column":4},"end":{"line":11,"column":null}},"4":{"start":{"line":10,"column":6},"end":{"line":10,"column":null}},"5":{"start":{"line":13,"column":18},"end":{"line":13,"column":43}},"6":{"start":{"line":14,"column":25},"end":{"line":14,"column":85}},"7":{"start":{"line":14,"column":46},"end":{"line":14,"column":84}},"8":{"start":{"line":16,"column":4},"end":{"line":16,"column":null}},"9":{"start":{"line":20,"column":4},"end":{"line":20,"column":null}},"10":{"start":{"line":24,"column":0},"end":{"line":24,"column":null}}},"fnMap":{"0":{"name":"(anonymous_0)","decl":{"start":{"line":5,"column":2},"end":{"line":5,"column":10}},"loc":{"start":{"line":5,"column":31},"end":{"line":17,"column":3}}},"1":{"name":"(anonymous_1)","decl":{"start":{"line":14,"column":36},"end":{"line":14,"column":37}},"loc":{"start":{"line":14,"column":46},"end":{"line":14,"column":84}}},"2":{"name":"(anonymous_2)","decl":{"start":{"line":19,"column":10},"end":{"line":19,"column":23}},"loc":{"start":{"line":19,"column":29},"end":{"line":21,"column":3}}}},"branchMap":{"0":{"loc":{"start":{"line":5,"column":12},"end":{"line":5,"column":31}},"type":"default-arg","locations":[{"start":{"line":5,"column":29},"end":{"line":5,"column":31}}]},"1":{"loc":{"start":{"line":6,"column":4},"end":{"line":8,"column":null}},"type":"if","locations":[{"start":{"line":6,"column":4},"end":{"line":8,"column":null}}]},"2":{"loc":{"start":{"line":6,"column":8},"end":{"line":6,"column":72}},"type":"binary-expr","locations":[{"start":{"line":6,"column":8},"end":{"line":6,"column":31}},{"start":{"line":6,"column":35},"end":{"line":6,"column":72}}]},"3":{"loc":{"start":{"line":9,"column":4},"end":{"line":11,"column":null}},"type":"if","locations":[{"start":{"line":9,"column":4},"end":{"line":11,"column":null}}]},"4":{"loc":{"start":{"line":16,"column":11},"end":{"line":16,"column":36}},"type":"cond-expr","locations":[{"start":{"line":16,"column":26},"end":{"line":16,"column":32}},{"start":{"line":16,"column":35},"end":{"line":16,"column":36}}]}},"s":{"0":1,"1":5,"2":0,"3":5,"4":2,"5":3,"6":3,"7":9,"8":3,"9":9,"10":1},"f":{"0":5,"1":9,"2":9},"b":{"0":[1],"1":[0],"2":[5,5],"3":[2],"4":[2,1]}}
}
