TN:
SF:src/models/quest-model.ts
FN:3,(anonymous_0)
FN:9,(anonymous_1)
FNF:2
FNH:2
FNDA:1,(anonymous_0)
FNDA:7,(anonymous_1)
DA:4,1
DA:6,1
DA:10,7
DA:11,7
DA:15,1
LF:5
LH:5
BRDA:9,0,0,0
BRDA:9,1,0,0
BRF:2
BRH:0
end_of_record
TN:
SF:src/services/quest-service.ts
FN:20,(anonymous_8)
FN:37,(anonymous_9)
FN:58,(anonymous_11)
FN:65,(anonymous_12)
FN:75,(anonymous_13)
FN:79,(anonymous_14)
FN:87,(anonymous_15)
FNF:7
FNH:7
FNDA:1,(anonymous_8)
FNDA:7,(anonymous_9)
FNDA:7,(anonymous_11)
FNDA:28,(anonymous_12)
FNDA:7,(anonymous_13)
FNDA:14,(anonymous_14)
FNDA:7,(anonymous_15)
DA:2,1
DA:3,1
DA:4,1
DA:5,1
DA:6,1
DA:7,1
DA:8,1
DA:9,1
DA:21,1
DA:23,1
DA:24,1
DA:25,1
DA:26,1
DA:28,1
DA:34,1
DA:38,7
DA:40,7
DA:41,7
DA:42,7
DA:44,7
DA:45,7
DA:47,7
DA:48,7
DA:50,7
DA:55,7
DA:60,7
DA:61,7
DA:62,0
DA:65,7
DA:66,28
DA:67,28
DA:68,28
DA:69,28
DA:72,7
DA:76,7
DA:77,1
DA:79,6
DA:80,14
DA:81,14
DA:82,14
DA:83,14
DA:88,7
DA:89,7
DA:93,1
DA:95,6
DA:99,1
LF:46
LH:45
BRDA:41,0,0,7
BRDA:41,0,1,4
BRDA:61,1,0,0
BRDA:76,2,0,1
BRDA:81,3,0,0
BRDA:81,3,1,14
BRDA:81,4,0,14
BRDA:81,4,1,14
BRDA:89,5,0,1
BRDA:90,6,0,7
BRDA:90,6,1,3
BRDA:90,6,2,1
BRF:12
BRH:10
end_of_record
TN:
SF:src/services/claim/offensive-language-validator.ts
FN:5,(anonymous_0)
FN:7,(anonymous_1)
FNF:2
FNH:2
FNDA:7,(anonymous_0)
FNDA:13,(anonymous_1)
DA:1,1
DA:6,7
DA:7,13
DA:8,7
DA:12,1
LF:5
LH:5
BRDA:5,0,0,0
BRF:1
BRH:0
end_of_record
TN:
SF:src/services/claim/access-condition-validators/date-validator.ts
FN:2,(anonymous_0)
FN:3,(anonymous_1)
FN:8,(anonymous_2)
FNF:3
FNH:3
FNDA:4,(anonymous_0)
FNDA:1,(anonymous_1)
FNDA:5,(anonymous_2)
DA:1,1
DA:2,4
DA:3,1
DA:9,5
DA:10,5
DA:11,0
DA:14,5
DA:15,5
DA:16,5
DA:20,1
LF:10
LH:9
BRDA:10,0,0,0
BRF:1
BRH:0
end_of_record
TN:
SF:src/services/claim/access-condition-validators/level-validator.ts
FN:2,(anonymous_0)
FN:3,(anonymous_1)
FN:8,(anonymous_2)
FNF:3
FNH:3
FNDA:1,(anonymous_0)
FNDA:2,(anonymous_1)
FNDA:3,(anonymous_2)
DA:1,1
DA:2,1
DA:3,2
DA:9,3
DA:10,3
DA:11,0
DA:13,3
DA:17,1
LF:8
LH:7
BRDA:10,0,0,0
BRF:1
BRH:0
end_of_record
TN:
SF:src/services/claim/access-condition-validators/nft-validator.ts
FN:1,(anonymous_0)
FN:7,(anonymous_1)
FNF:2
FNH:2
FNDA:1,(anonymous_0)
FNDA:6,(anonymous_1)
DA:1,1
DA:2,1
DA:3,1
DA:8,6
DA:9,6
DA:13,1
LF:6
LH:6
BRDA:1,0,0,1
BRDA:1,0,1,1
BRDA:9,1,0,6
BRDA:9,1,1,0
BRF:4
BRH:3
end_of_record
TN:
SF:src/services/claim/scorers/joyful-word-scorer.ts
FN:10,(anonymous_0)
FN:30,(anonymous_1)
FNF:2
FNH:2
FNDA:14,(anonymous_0)
FNDA:53,(anonymous_1)
DA:1,2
DA:2,2
DA:3,2
DA:11,14
DA:13,14
DA:14,14
DA:15,53
DA:16,53
DA:17,53
DA:18,13
DA:19,13
DA:23,14
DA:24,2
DA:27,12
DA:31,53
DA:32,53
DA:36,2
LF:17
LH:17
BRDA:10,0,0,1
BRDA:14,1,0,67
BRDA:14,1,1,53
BRDA:17,2,0,13
BRDA:23,3,0,2
BRF:5
BRH:5
end_of_record
TN:
SF:src/services/claim/scorers/palindrome-scorer.ts
FN:5,(anonymous_0)
FN:14,(anonymous_1)
FN:19,(anonymous_2)
FNF:3
FNH:3
FNDA:12,(anonymous_0)
FNDA:16,(anonymous_1)
FNDA:16,(anonymous_2)
DA:1,2
DA:6,12
DA:7,0
DA:9,12
DA:10,2
DA:13,10
DA:14,16
DA:16,10
DA:20,16
DA:24,2
LF:10
LH:9
BRDA:5,0,0,1
BRDA:6,1,0,0
BRDA:6,2,0,12
BRDA:6,2,1,12
BRDA:9,3,0,2
BRDA:16,4,0,5
BRDA:16,4,1,5
BRF:7
BRH:6
end_of_record
TN:
SF:src/services/claim/scorers/punctuation-scorer.ts
FN:6,(anonymous_0)
FNF:1
FNH:1
FNDA:12,(anonymous_0)
DA:1,2
DA:2,2
DA:7,12
DA:8,63
DA:9,63
DA:10,5
DA:13,7
DA:17,2
LF:8
LH:8
BRDA:6,0,0,1
BRDA:9,1,0,5
BRF:2
BRH:2
end_of_record
TN:
SF:src/services/claim/scorers/repetitive-sequence-scorer.ts
FN:5,(anonymous_0)
FN:10,(anonymous_1)
FNF:2
FNH:2
FNDA:7,(anonymous_0)
FNDA:7,(anonymous_1)
DA:1,1
DA:6,7
DA:7,7
DA:11,7
DA:12,7
DA:13,7
DA:14,7
DA:15,7
DA:16,7
DA:17,6
DA:19,7
DA:20,3
DA:24,4
DA:28,1
LF:14
LH:14
BRDA:5,0,0,0
BRDA:7,1,0,3
BRDA:7,1,1,4
BRDA:19,2,0,3
BRF:4
BRH:3
end_of_record
