TN:
SF:src/models/quest-model.ts
FN:3,(anonymous_0)
FN:9,(anonymous_1)
FNF:2
FNH:2
FNDA:1,(anonymous_0)
FNDA:1,(anonymous_1)
DA:4,1
DA:6,1
DA:10,1
DA:11,1
DA:15,1
LF:5
LH:5
BRDA:9,0,0,0
BRDA:9,1,0,0
BRF:2
BRH:0
end_of_record
TN:
SF:src/services/quest-service.ts
FN:20,(anonymous_8)
FN:37,(anonymous_9)
FN:58,(anonymous_11)
FN:65,(anonymous_12)
FN:75,(anonymous_13)
FN:79,(anonymous_14)
FN:87,(anonymous_15)
FNF:7
FNH:6
FNDA:1,(anonymous_8)
FNDA:1,(anonymous_9)
FNDA:1,(anonymous_11)
FNDA:4,(anonymous_12)
FNDA:1,(anonymous_13)
FNDA:0,(anonymous_14)
FNDA:1,(anonymous_15)
DA:2,1
DA:3,1
DA:4,1
DA:5,1
DA:6,1
DA:7,1
DA:8,1
DA:9,1
DA:21,1
DA:23,1
DA:24,1
DA:25,1
DA:26,1
DA:28,1
DA:34,1
DA:38,1
DA:40,1
DA:41,1
DA:42,1
DA:44,1
DA:45,1
DA:47,1
DA:48,1
DA:50,1
DA:55,1
DA:60,1
DA:61,1
DA:62,0
DA:65,1
DA:66,4
DA:67,4
DA:68,4
DA:69,4
DA:72,1
DA:76,1
DA:77,1
DA:79,0
DA:80,0
DA:81,0
DA:82,0
DA:83,0
DA:88,1
DA:89,1
DA:93,0
DA:95,1
DA:99,1
LF:46
LH:39
BRDA:41,0,0,1
BRDA:41,0,1,0
BRDA:61,1,0,0
BRDA:76,2,0,1
BRDA:81,3,0,0
BRDA:81,3,1,0
BRDA:81,4,0,0
BRDA:81,4,1,0
BRDA:89,5,0,0
BRDA:90,6,0,1
BRDA:90,6,1,0
BRDA:90,6,2,0
BRF:12
BRH:3
end_of_record
TN:
SF:src/services/claim/offensive-language-validator.ts
FN:5,(anonymous_0)
FN:7,(anonymous_1)
FNF:2
FNH:2
FNDA:1,(anonymous_0)
FNDA:3,(anonymous_1)
DA:1,1
DA:6,1
DA:7,3
DA:8,1
DA:12,1
LF:5
LH:5
BRDA:5,0,0,0
BRF:1
BRH:0
end_of_record
TN:
SF:src/services/claim/access-condition-validators/date-validator.ts
FN:2,(anonymous_0)
FN:3,(anonymous_1)
FN:8,(anonymous_2)
FNF:3
FNH:0
FNDA:0,(anonymous_0)
FNDA:0,(anonymous_1)
FNDA:0,(anonymous_2)
DA:1,1
DA:2,0
DA:3,0
DA:9,0
DA:10,0
DA:11,0
DA:14,0
DA:15,0
DA:16,0
DA:20,1
LF:10
LH:2
BRDA:10,0,0,0
BRF:1
BRH:0
end_of_record
TN:
SF:src/services/claim/access-condition-validators/level-validator.ts
FN:2,(anonymous_0)
FN:3,(anonymous_1)
FN:8,(anonymous_2)
FNF:3
FNH:0
FNDA:0,(anonymous_0)
FNDA:0,(anonymous_1)
FNDA:0,(anonymous_2)
DA:1,1
DA:2,0
DA:3,0
DA:9,0
DA:10,0
DA:11,0
DA:13,0
DA:17,1
LF:8
LH:2
BRDA:10,0,0,0
BRF:1
BRH:0
end_of_record
TN:
SF:src/services/claim/access-condition-validators/nft-validator.ts
FN:1,(anonymous_0)
FN:7,(anonymous_1)
FNF:2
FNH:1
FNDA:1,(anonymous_0)
FNDA:0,(anonymous_1)
DA:1,1
DA:2,1
DA:3,1
DA:8,0
DA:9,0
DA:13,1
LF:6
LH:4
BRDA:1,0,0,1
BRDA:1,0,1,1
BRDA:9,1,0,0
BRDA:9,1,1,0
BRF:4
BRH:2
end_of_record
TN:
SF:src/services/claim/scorers/joyfull-word-scorer.ts
FN:7,(anonymous_0)
FNF:1
FNH:1
FNDA:1,(anonymous_0)
DA:1,1
DA:2,1
DA:3,1
DA:8,1
DA:10,1
DA:11,1
DA:12,3
DA:13,3
DA:14,1
DA:18,1
DA:19,0
DA:22,1
DA:26,1
LF:13
LH:12
BRDA:7,0,0,0
BRDA:11,1,0,4
BRDA:11,1,1,3
BRDA:13,2,0,1
BRDA:18,3,0,0
BRF:5
BRH:3
end_of_record
TN:
SF:src/services/claim/scorers/palindrome-scorer.ts
FN:5,(anonymous_0)
FN:10,(anonymous_1)
FNF:2
FNH:2
FNDA:1,(anonymous_0)
FNDA:1,(anonymous_1)
DA:1,1
DA:6,1
DA:7,1
DA:11,1
DA:12,1
DA:13,1
DA:14,1
DA:16,0
DA:20,1
LF:9
LH:8
BRDA:5,0,0,0
BRDA:7,1,0,0
BRDA:7,1,1,1
BRDA:14,2,0,1
BRF:4
BRH:2
end_of_record
TN:
SF:src/services/claim/scorers/punctuation-scorer.ts
FN:6,(anonymous_0)
FNF:1
FNH:1
FNDA:1,(anonymous_0)
DA:1,1
DA:2,1
DA:7,1
DA:8,11
DA:9,11
DA:10,1
DA:13,0
DA:17,1
LF:8
LH:7
BRDA:6,0,0,0
BRDA:9,1,0,1
BRF:2
BRH:1
end_of_record
TN:
SF:src/services/claim/scorers/repetitive-sequence-scorer.ts
FN:5,(anonymous_0)
FN:10,(anonymous_1)
FNF:2
FNH:2
FNDA:1,(anonymous_0)
FNDA:1,(anonymous_1)
DA:1,1
DA:6,1
DA:7,1
DA:11,1
DA:12,1
DA:13,1
DA:14,1
DA:15,1
DA:16,1
DA:17,2
DA:19,1
DA:20,1
DA:24,0
DA:28,1
LF:14
LH:13
BRDA:5,0,0,0
BRDA:7,1,0,1
BRDA:7,1,1,0
BRDA:19,2,0,1
BRF:4
BRH:2
end_of_record
